[2022-08-13 11:27:18] - Adding type registration char -> org.hibernate.type.CharacterType@14b3497a
[2022-08-13 11:27:18] - Adding type registration java.lang.Character -> org.hibernate.type.CharacterType@14b3497a
[2022-08-13 11:27:18] - Adding type registration short -> org.hibernate.type.ShortType@3b459655
[2022-08-13 11:27:18] - Adding type registration short -> org.hibernate.type.ShortType@3b459655
[2022-08-13 11:27:18] - Adding type registration java.lang.Short -> org.hibernate.type.ShortType@3b459655
[2022-08-13 11:27:18] - Adding type registration integer -> org.hibernate.type.IntegerType@22fb6b1d
[2022-08-13 11:27:18] - Adding type registration int -> org.hibernate.type.IntegerType@22fb6b1d
[2022-08-13 11:27:18] - Adding type registration java.lang.Integer -> org.hibernate.type.IntegerType@22fb6b1d
[2022-08-13 11:27:18] - Adding type registration long -> org.hibernate.type.LongType@28a2e170
[2022-08-13 11:27:18] - Adding type registration long -> org.hibernate.type.LongType@28a2e170
[2022-08-13 11:27:18] - Adding type registration java.lang.Long -> org.hibernate.type.LongType@28a2e170
[2022-08-13 11:27:18] - Adding type registration float -> org.hibernate.type.FloatType@4414e8ef
[2022-08-13 11:27:18] - Adding type registration float -> org.hibernate.type.FloatType@4414e8ef
[2022-08-13 11:27:18] - Adding type registration java.lang.Float -> org.hibernate.type.FloatType@4414e8ef
[2022-08-13 11:27:18] - Adding type registration double -> org.hibernate.type.DoubleType@2f6599d7
[2022-08-13 11:27:18] - Adding type registration double -> org.hibernate.type.DoubleType@2f6599d7
[2022-08-13 11:27:18] - Adding type registration java.lang.Double -> org.hibernate.type.DoubleType@2f6599d7
[2022-08-13 11:27:18] - Adding type registration big_decimal -> org.hibernate.type.BigDecimalType@4744a3d5
[2022-08-13 11:27:18] - Adding type registration java.math.BigDecimal -> org.hibernate.type.BigDecimalType@4744a3d5
[2022-08-13 11:27:18] - Adding type registration big_integer -> org.hibernate.type.BigIntegerType@397fd6dd
[2022-08-13 11:27:18] - Adding type registration java.math.BigInteger -> org.hibernate.type.BigIntegerType@397fd6dd
[2022-08-13 11:27:18] - Adding type registration string -> org.hibernate.type.StringType@581b644c
[2022-08-13 11:27:18] - Adding type registration java.lang.String -> org.hibernate.type.StringType@581b644c
[2022-08-13 11:27:18] - Adding type registration nstring -> org.hibernate.type.StringNVarcharType@443abd23
[2022-08-13 11:27:18] - Adding type registration ncharacter -> org.hibernate.type.CharacterNCharType@49924d0e
[2022-08-13 11:27:18] - Adding type registration url -> org.hibernate.type.UrlType@62ecf20e
[2022-08-13 11:27:18] - Adding type registration java.net.URL -> org.hibernate.type.UrlType@62ecf20e
[2022-08-13 11:27:18] - Adding type registration Duration -> org.hibernate.type.DurationType@7b1ec425
[2022-08-13 11:27:18] - Adding type registration java.time.Duration -> org.hibernate.type.DurationType@7b1ec425
[2022-08-13 11:27:18] - Adding type registration Instant -> org.hibernate.type.InstantType@396c6948
[2022-08-13 11:27:18] - Adding type registration java.time.Instant -> org.hibernate.type.InstantType@396c6948
[2022-08-13 11:27:18] - Adding type registration LocalDateTime -> org.hibernate.type.LocalDateTimeType@20cb7005
[2022-08-13 11:27:18] - Adding type registration java.time.LocalDateTime -> org.hibernate.type.LocalDateTimeType@20cb7005
[2022-08-13 11:27:18] - Adding type registration LocalDate -> org.hibernate.type.LocalDateType@3ae1764b
[2022-08-13 11:27:18] - Adding type registration java.time.LocalDate -> org.hibernate.type.LocalDateType@3ae1764b
[2022-08-13 11:27:18] - Adding type registration LocalTime -> org.hibernate.type.LocalTimeType@2534f35d
[2022-08-13 11:27:18] - Adding type registration java.time.LocalTime -> org.hibernate.type.LocalTimeType@2534f35d
[2022-08-13 11:27:18] - Adding type registration OffsetDateTime -> org.hibernate.type.OffsetDateTimeType@6746f5e7
[2022-08-13 11:27:18] - Adding type registration java.time.OffsetDateTime -> org.hibernate.type.OffsetDateTimeType@6746f5e7
[2022-08-13 11:27:18] - Adding type registration OffsetTime -> org.hibernate.type.OffsetTimeType@6fd3d27e
[2022-08-13 11:27:18] - Adding type registration java.time.OffsetTime -> org.hibernate.type.OffsetTimeType@6fd3d27e
[2022-08-13 11:27:18] - Adding type registration ZonedDateTime -> org.hibernate.type.ZonedDateTimeType@2da4e101
[2022-08-13 11:27:18] - Adding type registration java.time.ZonedDateTime -> org.hibernate.type.ZonedDateTimeType@2da4e101
[2022-08-13 11:27:18] - Adding type registration date -> org.hibernate.type.DateType@50783ee4
[2022-08-13 11:27:18] - Adding type registration java.sql.Date -> org.hibernate.type.DateType@50783ee4
[2022-08-13 11:27:18] - Adding type registration time -> org.hibernate.type.TimeType@24a7a793
[2022-08-13 11:27:18] - Adding type registration java.sql.Time -> org.hibernate.type.TimeType@24a7a793
[2022-08-13 11:27:18] - Adding type registration timestamp -> org.hibernate.type.TimestampType@1a538920
[2022-08-13 11:27:18] - Adding type registration java.sql.Timestamp -> org.hibernate.type.TimestampType@1a538920
[2022-08-13 11:27:18] - Adding type registration java.util.Date -> org.hibernate.type.TimestampType@1a538920
[2022-08-13 11:27:18] - Adding type registration dbtimestamp -> org.hibernate.type.DbTimestampType@569844f9
[2022-08-13 11:27:18] - Adding type registration calendar -> org.hibernate.type.CalendarType@2c4de169
[2022-08-13 11:27:18] - Adding type registration java.util.Calendar -> org.hibernate.type.CalendarType@2c4de169
[2022-08-13 11:27:18] - Adding type registration java.util.GregorianCalendar -> org.hibernate.type.CalendarType@2c4de169
[2022-08-13 11:27:18] - Adding type registration calendar_date -> org.hibernate.type.CalendarDateType@239fd703
[2022-08-13 11:27:18] - Adding type registration calendar_time -> org.hibernate.type.CalendarTimeType@65eb42dc
[2022-08-13 11:27:18] - Adding type registration locale -> org.hibernate.type.LocaleType@d1f3c15
[2022-08-13 11:27:18] - Adding type registration java.util.Locale -> org.hibernate.type.LocaleType@d1f3c15
[2022-08-13 11:27:18] - Adding type registration currency -> org.hibernate.type.CurrencyType@52ac4c2c
[2022-08-13 11:27:18] - Adding type registration java.util.Currency -> org.hibernate.type.CurrencyType@52ac4c2c
[2022-08-13 11:27:18] - Adding type registration timezone -> org.hibernate.type.TimeZoneType@1d569aff
[2022-08-13 11:27:18] - Adding type registration java.util.TimeZone -> org.hibernate.type.TimeZoneType@1d569aff
[2022-08-13 11:27:18] - Adding type registration class -> org.hibernate.type.ClassType@65b0e3c
[2022-08-13 11:27:18] - Adding type registration java.lang.Class -> org.hibernate.type.ClassType@65b0e3c
[2022-08-13 11:27:18] - Adding type registration uuid-binary -> org.hibernate.type.UUIDBinaryType@3b62c7ed
[2022-08-13 11:27:18] - Adding type registration java.util.UUID -> org.hibernate.type.UUIDBinaryType@3b62c7ed
[2022-08-13 11:27:18] - Adding type registration uuid-char -> org.hibernate.type.UUIDCharType@42f9c96c
[2022-08-13 11:27:18] - Adding type registration binary -> org.hibernate.type.BinaryType@42ac7f7d
[2022-08-13 11:27:18] - Adding type registration byte[] -> org.hibernate.type.BinaryType@42ac7f7d
[2022-08-13 11:27:18] - Adding type registration [B -> org.hibernate.type.BinaryType@42ac7f7d
[2022-08-13 11:27:18] - Adding type registration wrapper-binary -> org.hibernate.type.WrapperBinaryType@220dbc3a
[2022-08-13 11:27:18] - Adding type registration Byte[] -> org.hibernate.type.WrapperBinaryType@220dbc3a
[2022-08-13 11:27:18] - Adding type registration [Ljava.lang.Byte; -> org.hibernate.type.WrapperBinaryType@220dbc3a
[2022-08-13 11:27:18] - Adding type registration row_version -> org.hibernate.type.RowVersionType@751eecf9
[2022-08-13 11:27:18] - Adding type registration image -> org.hibernate.type.ImageType@57fdf063
[2022-08-13 11:27:18] - Adding type registration characters -> org.hibernate.type.CharArrayType@1f39936e
[2022-08-13 11:27:18] - Adding type registration char[] -> org.hibernate.type.CharArrayType@1f39936e
[2022-08-13 11:27:18] - Adding type registration [C -> org.hibernate.type.CharArrayType@1f39936e
[2022-08-13 11:27:18] - Adding type registration wrapper-characters -> org.hibernate.type.CharacterArrayType@5d863e5a
[2022-08-13 11:27:18] - Adding type registration [Ljava.lang.Character; -> org.hibernate.type.CharacterArrayType@5d863e5a
[2022-08-13 11:27:18] - Adding type registration Character[] -> org.hibernate.type.CharacterArrayType@5d863e5a
[2022-08-13 11:27:18] - Adding type registration text -> org.hibernate.type.TextType@56257168
[2022-08-13 11:27:18] - Adding type registration ntext -> org.hibernate.type.NTextType@7c6e8561
[2022-08-13 11:27:18] - Adding type registration blob -> org.hibernate.type.BlobType@3cf00db8
[2022-08-13 11:27:18] - Adding type registration java.sql.Blob -> org.hibernate.type.BlobType@3cf00db8
[2022-08-13 11:27:18] - Adding type registration materialized_blob -> org.hibernate.type.MaterializedBlobType@57a26e21
[2022-08-13 11:27:18] - Adding type registration clob -> org.hibernate.type.ClobType@6b9b0138
[2022-08-13 11:27:18] - Adding type registration java.sql.Clob -> org.hibernate.type.ClobType@6b9b0138
[2022-08-13 11:27:18] - Adding type registration nclob -> org.hibernate.type.NClobType@4cb56c6c
[2022-08-13 11:27:18] - Adding type registration java.sql.NClob -> org.hibernate.type.NClobType@4cb56c6c
[2022-08-13 11:27:18] - Adding type registration materialized_clob -> org.hibernate.type.MaterializedClobType@39458fcc
[2022-08-13 11:27:18] - Adding type registration materialized_nclob -> org.hibernate.type.MaterializedNClobType@2fe5f417
[2022-08-13 11:27:18] - Adding type registration serializable -> org.hibernate.type.SerializableType@9404401
[2022-08-13 11:27:18] - Adding type registration object -> org.hibernate.type.ObjectType@5ddbd233
[2022-08-13 11:27:18] - Adding type registration java.lang.Object -> org.hibernate.type.ObjectType@5ddbd233
[2022-08-13 11:27:18] - Adding type registration imm_date -> org.hibernate.type.AdaptedImmutableType@52f2d405
