[2022-08-13 11:27:22] - Autowiring by type from bean name 'viewControllerHandlerMapping' via factory method to bean named 'mvcConversionService'
[2022-08-13 11:27:22] - Autowiring by type from bean name 'viewControllerHandlerMapping' via factory method to bean named 'mvcResourceUrlProvider'
[2022-08-13 11:27:22] - Creating shared instance of singleton bean 'beanNameHandlerMapping'
[2022-08-13 11:27:22] - Autowiring by type from bean name 'beanNameHandlerMapping' via factory method to bean named 'mvcConversionService'
[2022-08-13 11:27:22] - Autowiring by type from bean name 'beanNameHandlerMapping' via factory method to bean named 'mvcResourceUrlProvider'
[2022-08-13 11:27:22] - 'beanNameHandlerMapping' {}
[2022-08-13 11:27:22] - Creating shared instance of singleton bean 'routerFunctionMapping'
[2022-08-13 11:27:22] - Autowiring by type from bean name 'routerFunctionMapping' via factory method to bean named 'mvcConversionService'
[2022-08-13 11:27:22] - Autowiring by type from bean name 'routerFunctionMapping' via factory method to bean named 'mvcResourceUrlProvider'
[2022-08-13 11:27:22] - Creating shared instance of singleton bean 'resourceHandlerMapping'
[2022-08-13 11:27:22] - Autowiring by type from bean name 'resourceHandlerMapping' via factory method to bean named 'mvcContentNegotiationManager'
[2022-08-13 11:27:22] - Autowiring by type from bean name 'resourceHandlerMapping' via factory method to bean named 'mvcConversionService'
[2022-08-13 11:27:22] - Autowiring by type from bean name 'resourceHandlerMapping' via factory method to bean named 'mvcResourceUrlProvider'
[2022-08-13 11:27:22] - 'resourceHandlerMapping' {/webjars/**=ResourceHttpRequestHandler [classpath [META-INF/resources/webjars/]], /**=ResourceHttpRequestHandler [classpath [META-INF/resources/], classpath [resources/], classpath [static/], classpath [public/], ServletContext [/]]}
[2022-08-13 11:27:22] - Creating shared instance of singleton bean 'defaultServletHandlerMapping'
[2022-08-13 11:27:22] - Creating shared instance of singleton bean 'handlerFunctionAdapter'
[2022-08-13 11:27:22] - Creating shared instance of singleton bean 'mvcUriComponentsContributor'
[2022-08-13 11:27:22] - Autowiring by type from bean name 'mvcUriComponentsContributor' via factory method to bean named 'mvcConversionService'
[2022-08-13 11:27:22] - Autowiring by type from bean name 'mvcUriComponentsContributor' via factory method to bean named 'requestMappingHandlerAdapter'
[2022-08-13 11:27:22] - Creating shared instance of singleton bean 'httpRequestHandlerAdapter'
[2022-08-13 11:27:22] - Creating shared instance of singleton bean 'simpleControllerHandlerAdapter'
[2022-08-13 11:27:22] - Creating shared instance of singleton bean 'handlerExceptionResolver'
[2022-08-13 11:27:22] - Autowiring by type from bean name 'handlerExceptionResolver' via factory method to bean named 'mvcContentNegotiationManager'
[2022-08-13 11:27:22] - ControllerAdvice beans: 0 @ExceptionHandler, 1 ResponseBodyAdvice
[2022-08-13 11:27:22] - Creating shared instance of singleton bean 'mvcViewResolver'
[2022-08-13 11:27:22] - Autowiring by type from bean name 'mvcViewResolver' via factory method to bean named 'mvcContentNegotiationManager'
[2022-08-13 11:27:22] - Creating shared instance of singleton bean 'viewNameTranslator'
[2022-08-13 11:27:22] - Creating shared instance of singleton bean 'defaultViewResolver'
[2022-08-13 11:27:22] - Creating shared instance of singleton bean 'viewResolver'
[2022-08-13 11:27:22] - Autowiring by type from bean name 'viewResolver' via factory method to bean named 'org.springframework.beans.factory.support.DefaultListableBeanFactory@1406c75d'
[2022-08-13 11:27:22] - Creating shared instance of singleton bean 'viewResolver'
[2022-08-13 11:27:22] - Creating shared instance of singleton bean 'org.springframework.boot.autoconfigure.jmx.JmxAutoConfiguration'
[2022-08-13 11:27:22] - Creating shared instance of singleton bean 'spring.jmx-org.springframework.boot.autoconfigure.jmx.JmxProperties'
[2022-08-13 11:27:22] - Autowiring by type from bean name 'org.springframework.boot.autoconfigure.jmx.JmxAutoConfiguration' via constructor to bean named 'spring.jmx-org.springframework.boot.autoconfigure.jmx.JmxProperties'
[2022-08-13 11:27:22] - Creating shared instance of singleton bean 'mbeanExporter'
[2022-08-13 11:27:22] - Creating shared instance of singleton bean 'objectNamingStrategy'
[2022-08-13 11:27:22] - Autowiring by type from bean name 'mbeanExporter' via factory method to bean named 'objectNamingStrategy'
[2022-08-13 11:27:22] - Autowiring by type from bean name 'mbeanExporter' via factory method to bean named 'org.springframework.beans.factory.support.DefaultListableBeanFactory@1406c75d'
[2022-08-13 11:27:22] - Creating shared instance of singleton bean 'mbeanServer'
[2022-08-13 11:27:22] - Found MBeanServer: com.sun.jmx.mbeanserver.JmxMBeanServer@6ebc05a6
[2022-08-13 11:27:22] - Creating shared instance of singleton bean 'org.springframework.boot.autoconfigure.admin.SpringApplicationAdminJmxAutoConfiguration'
[2022-08-13 11:27:22] - Creating shared instance of singleton bean 'springApplicationAdminRegistrar'
[2022-08-13 11:27:22] - Autowiring by type from bean name 'springApplicationAdminRegistrar' via factory method to bean named 'environment'
[2022-08-13 11:27:22] - Application Admin MBean registered with name 'org.springframework.boot:type=Admin,name=SpringApplication'
[2022-08-13 11:27:22] - Creating shared instance of singleton bean 'org.springframework.boot.autoconfigure.aop.AopAutoConfiguration$AspectJAutoProxyingConfiguration$CglibAutoProxyConfiguration'
[2022-08-13 11:27:22] - Creating shared instance of singleton bean 'org.springframework.boot.autoconfigure.aop.AopAutoConfiguration$AspectJAutoProxyingConfiguration'
[2022-08-13 11:27:22] - Creating shared instance of singleton bean 'org.springframework.boot.autoconfigure.aop.AopAutoConfiguration'
[2022-08-13 11:27:22] - Creating shared instance of singleton bean 'org.springframework.boot.autoconfigure.availability.ApplicationAvailabilityAutoConfiguration'
[2022-08-13 11:27:22] - Creating shared instance of singleton bean 'applicationAvailability'
[2022-08-13 11:27:22] - Creating shared instance of singleton bean 'org.springframework.boot.autoconfigure.transaction.jta.JtaAutoConfiguration'
[2022-08-13 11:27:22] - Creating shared instance of singleton bean 'org.springframework.boot.autoconfigure.jdbc.DataSourceJmxConfiguration$Hikari'
[2022-08-13 11:27:22] - Autowiring by type from bean name 'org.springframework.boot.autoconfigure.jdbc.DataSourceJmxConfiguration$Hikari' via constructor to bean named 'dataSource'
[2022-08-13 11:27:22] - Creating shared instance of singleton bean 'org.springframework.boot.autoconfigure.jdbc.DataSourceJmxConfiguration'
[2022-08-13 11:27:22] - Creating shared instance of singleton bean 'org.springframework.boot.autoconfigure.jdbc.DataSourceAutoConfiguration$PooledDataSourceConfiguration'
[2022-08-13 11:27:22] - Creating shared instance of singleton bean 'org.springframework.boot.autoconfigure.jdbc.metadata.DataSourcePoolMetadataProvidersConfiguration'
[2022-08-13 11:27:22] - Creating shared instance of singleton bean 'org.springframework.boot.autoconfigure.jdbc.DataSourceAutoConfiguration'
[2022-08-13 11:27:22] - Creating shared instance of singleton bean 'transactionManager'
[2022-08-13 11:27:22] - Creating shared instance of singleton bean 'platformTransactionManagerCustomizers'
[2022-08-13 11:27:22] - Creating shared instance of singleton bean 'org.springframework.boot.autoconfigure.transaction.TransactionAutoConfiguration'
[2022-08-13 11:27:22] - Creating shared instance of singleton bean 'spring.transaction-org.springframework.boot.autoconfigure.transaction.TransactionProperties'
[2022-08-13 11:27:22] - Creating shared instance of singleton bean 'org.springframework.boot.autoconfigure.orm.jpa.HibernateJpaAutoConfiguration'
[2022-08-13 11:27:22] - Creating shared instance of singleton bean 'org.springframework.boot.autoconfigure.context.ConfigurationPropertiesAutoConfiguration'
[2022-08-13 11:27:22] - Creating shared instance of singleton bean 'org.springframework.boot.autoconfigure.context.LifecycleAutoConfiguration'
[2022-08-13 11:27:22] - Creating shared instance of singleton bean 'lifecycleProcessor'
[2022-08-13 11:27:22] - Creating shared instance of singleton bean 'spring.lifecycle-org.springframework.boot.autoconfigure.context.LifecycleProperties'
[2022-08-13 11:27:22] - Autowiring by type from bean name 'lifecycleProcessor' via factory method to bean named 'spring.lifecycle-org.springframework.boot.autoconfigure.context.LifecycleProperties'
[2022-08-13 11:27:22] - Creating shared instance of singleton bean 'org.springframework.boot.autoconfigure.dao.PersistenceExceptionTranslationAutoConfiguration'
[2022-08-13 11:27:22] - Creating shared instance of singleton bean 'org.springframework.boot.autoconfigure.data.jpa.JpaRepositoriesAutoConfiguration'
[2022-08-13 11:27:22] - Creating shared instance of singleton bean 'org.springframework.data.jpa.util.JpaMetamodelCacheCleanup'
[2022-08-13 11:27:22] - Creating shared instance of singleton bean 'org.springframework.data.jpa.repository.support.JpaEvaluationContextExtension'
[2022-08-13 11:27:22] - Creating shared instance of singleton bean 'org.springframework.boot.autoconfigure.http.JacksonHttpMessageConvertersConfiguration'
[2022-08-13 11:27:22] - Creating shared instance of singleton bean 'org.springframework.data.web.config.ProjectingArgumentResolverRegistrar'
[2022-08-13 11:27:22] - Creating shared instance of singleton bean 'org.springframework.boot.autoconfigure.info.ProjectInfoAutoConfiguration'
[2022-08-13 11:27:22] - Creating shared instance of singleton bean 'spring.info-org.springframework.boot.autoconfigure.info.ProjectInfoProperties'
[2022-08-13 11:27:22] - Autowiring by type from bean name 'org.springframework.boot.autoconfigure.info.ProjectInfoAutoConfiguration' via constructor to bean named 'spring.info-org.springframework.boot.autoconfigure.info.ProjectInfoProperties'
[2022-08-13 11:27:22] - Creating shared instance of singleton bean 'org.springframework.boot.autoconfigure.jdbc.JdbcTemplateConfiguration'
[2022-08-13 11:27:22] - Creating shared instance of singleton bean 'jdbcTemplate'
[2022-08-13 11:27:22] - Creating shared instance of singleton bean 'spring.jdbc-org.springframework.boot.autoconfigure.jdbc.JdbcProperties'
[2022-08-13 11:27:22] - Autowiring by type from bean name 'jdbcTemplate' via factory method to bean named 'dataSource'
[2022-08-13 11:27:22] - Autowiring by type from bean name 'jdbcTemplate' via factory method to bean named 'spring.jdbc-org.springframework.boot.autoconfigure.jdbc.JdbcProperties'
[2022-08-13 11:27:22] - Creating shared instance of singleton bean 'org.springframework.boot.autoconfigure.jdbc.NamedParameterJdbcTemplateConfiguration'
[2022-08-13 11:27:22] - Creating shared instance of singleton bean 'namedParameterJdbcTemplate'
[2022-08-13 11:27:22] - Autowiring by type from bean name 'namedParameterJdbcTemplate' via factory method to bean named 'jdbcTemplate'
[2022-08-13 11:27:22] - Creating shared instance of singleton bean 'org.springframework.boot.autoconfigure.jdbc.JdbcTemplateAutoConfiguration'
[2022-08-13 11:27:22] - Creating shared instance of singleton bean 'org.springframework.boot.autoconfigure.sql.init.SqlInitializationAutoConfiguration'
[2022-08-13 11:27:22] - Creating shared instance of singleton bean 'org.springframework.boot.autoconfigure.task.TaskSchedulingAutoConfiguration'
[2022-08-13 11:27:22] - Creating shared instance of singleton bean 'scheduledBeanLazyInitializationExcludeFilter'
[2022-08-13 11:27:22] - Creating shared instance of singleton bean 'taskSchedulerBuilder'
[2022-08-13 11:27:22] - Creating shared instance of singleton bean 'spring.task.scheduling-org.springframework.boot.autoconfigure.task.TaskSchedulingProperties'
[2022-08-13 11:27:22] - Autowiring by type from bean name 'taskSchedulerBuilder' via factory method to bean named 'spring.task.scheduling-org.springframework.boot.autoconfigure.task.TaskSchedulingProperties'
[2022-08-13 11:27:22] - Creating shared instance of singleton bean 'org.springframework.boot.autoconfigure.jdbc.DataSourceTransactionManagerAutoConfiguration$JdbcTransactionManagerConfiguration'
[2022-08-13 11:27:22] - Creating shared instance of singleton bean 'org.springframework.boot.autoconfigure.jdbc.DataSourceTransactionManagerAutoConfiguration'
[2022-08-13 11:27:22] - Creating shared instance of singleton bean 'org.springframework.boot.autoconfigure.transaction.TransactionAutoConfiguration$EnableTransactionManagementConfiguration$CglibAutoProxyConfiguration'
[2022-08-13 11:27:22] - Creating shared instance of singleton bean 'org.springframework.boot.autoconfigure.transaction.TransactionAutoConfiguration$EnableTransactionManagementConfiguration'
[2022-08-13 11:27:22] - Creating shared instance of singleton bean 'org.springframework.boot.autoconfigure.transaction.TransactionAutoConfiguration$TransactionTemplateConfiguration'
[2022-08-13 11:27:22] - Creating shared instance of singleton bean 'transactionTemplate'
[2022-08-13 11:27:22] - Autowiring by type from bean name 'transactionTemplate' via factory method to bean named 'transactionManager'
[2022-08-13 11:27:22] - Creating shared instance of singleton bean 'org.springframework.boot.autoconfigure.web.client.RestTemplateAutoConfiguration'
[2022-08-13 11:27:22] - Creating shared instance of singleton bean 'org.springframework.boot.autoconfigure.web.embedded.EmbeddedWebServerFactoryCustomizerAutoConfiguration'
[2022-08-13 11:27:22] - Creating shared instance of singleton bean 'multipartResolver'
[2022-08-13 11:27:22] - Creating shared instance of singleton bean 'org.springframework.boot.devtools.autoconfigure.LocalDevToolsAutoConfiguration$RestartConfiguration'
[2022-08-13 11:27:22] - Creating shared instance of singleton bean 'spring.devtools-org.springframework.boot.devtools.autoconfigure.DevToolsProperties'
[2022-08-13 11:27:22] - Autowiring by type from bean name 'org.springframework.boot.devtools.autoconfigure.LocalDevToolsAutoConfiguration$RestartConfiguration' via constructor to bean named 'spring.devtools-org.springframework.boot.devtools.autoconfigure.DevToolsProperties'
[2022-08-13 11:27:22] - Creating shared instance of singleton bean 'restartingClassPathChangedEventListener'
[2022-08-13 11:27:22] - Creating shared instance of singleton bean 'fileSystemWatcherFactory'
[2022-08-13 11:27:22] - Autowiring by type from bean name 'restartingClassPathChangedEventListener' via factory method to bean named 'fileSystemWatcherFactory'
[2022-08-13 11:27:22] - Creating shared instance of singleton bean 'classPathFileSystemWatcher'
[2022-08-13 11:27:22] - Creating shared instance of singleton bean 'classPathRestartStrategy'
[2022-08-13 11:27:22] - Autowiring by type from bean name 'classPathFileSystemWatcher' via factory method to bean named 'fileSystemWatcherFactory'
[2022-08-13 11:27:22] - Autowiring by type from bean name 'classPathFileSystemWatcher' via factory method to bean named 'classPathRestartStrategy'
[2022-08-13 11:27:22] - Creating shared instance of singleton bean 'conditionEvaluationDeltaLoggingListener'
[2022-08-13 11:27:22] - Creating shared instance of singleton bean 'org.springframework.boot.devtools.autoconfigure.LocalDevToolsAutoConfiguration$LiveReloadConfiguration'
[2022-08-13 11:27:22] - Creating shared instance of singleton bean 'optionalLiveReloadServer'
[2022-08-13 11:27:22] - Autowiring by type from bean name 'liveReloadServer' via factory method to bean named 'spring.devtools-org.springframework.boot.devtools.autoconfigure.DevToolsProperties'
[2022-08-13 11:27:22] - Autowiring by type from bean name 'optionalLiveReloadServer' via factory method to bean named 'liveReloadServer'
[2022-08-13 11:27:22] - Starting live reload server on port 35729
[2022-08-13 11:27:22] - LiveReload server is running on port 35729
[2022-08-13 11:27:22] - Creating shared instance of singleton bean 'liveReloadServerEventListener'
[2022-08-13 11:27:22] - Autowiring by type from bean name 'liveReloadServerEventListener' via factory method to bean named 'optionalLiveReloadServer'
[2022-08-13 11:27:22] - Creating shared instance of singleton bean 'org.springframework.boot.devtools.autoconfigure.LocalDevToolsAutoConfiguration'
[2022-08-13 11:27:22] - Registering beans for JMX exposure on startup
[2022-08-13 11:27:22] - Autodetecting user-defined JMX MBeans
[2022-08-13 11:27:22] - Bean with name 'dataSource' has been autodetected for JMX exposure
[2022-08-13 11:27:22] - HikariPool-1 - Added connection org.postgresql.jdbc.PgConnection@8aad31e
[2022-08-13 11:27:22] - Located MBean 'dataSource': registering with JMX server as MBean [com.zaxxer.hikari:name=dataSource,type=HikariDataSource]
[2022-08-13 11:27:22] - Starting beans in phase 2147483646
[2022-08-13 11:27:22] - Starting ProtocolHandler ["http-nio-2022"]
[2022-08-13 11:27:22] - Tomcat started on port(s): 2022 (http) with context path ''
